<?xml version="1.0" encoding="UTF-8"?>
<testng-results ignored="0" total="1" passed="1" failed="0" skipped="0">
  <reporter-output>
  </reporter-output>
  <suite started-at="2023-10-12T19:01:02 IST" name="Default suite" finished-at="2023-10-12T19:01:14 IST" duration-ms="12316">
    <groups>
    </groups>
    <test started-at="2023-10-12T19:01:02 IST" name="Default test" finished-at="2023-10-12T19:01:14 IST" duration-ms="12316">
      <class name="seleniumjenkins.SeleniumTest1">
        <test-method signature="method1()[pri:0, instance:seleniumjenkins.SeleniumTest1@306e95ec]" started-at="2023-10-12T19:01:02 IST" name="method1" finished-at="2023-10-12T19:01:14 IST" duration-ms="12281" status="PASS">
          <reporter-output>
          </reporter-output>
        </test-method> <!-- method1 -->
      </class> <!-- seleniumjenkins.SeleniumTest1 -->
    </test> <!-- Default test -->
  </suite> <!-- Default suite -->
</testng-results>
